[18:25:30] [main/INFO] (Launcher) ModLauncher running: args [--launchTarget, forgeclientdev, --version, 21.1.200, --assetIndex, 1.21.1-17, --assetsDir, C:\Users\salig\.gradle\caches\fabric-loom\assets, --gameDir, ., --fml.fmlVersion, 4.0.41, --fml.mcVersion, 1.21.1, --fml.neoForgeVersion, 21.1.200, --fml.neoFormVersion, 20240808.144430]
[18:25:30] [main/INFO] (Launcher) JVM identified as Eclipse Adoptium OpenJDK 64-Bit Server VM 21.0.8+9-LTS
[18:25:30] [main/INFO] (Launcher) ModLauncher 11.0.5+main.901c6ea8 starting: java version 21.0.8 by Eclipse Adoptium; OS Windows 11 arch amd64 version 10.0
[18:25:30] [main/INFO] (unprotect) Initializing Unprotect using ModLauncher backend, target: Minecraft and loader classes (minecraft+forge)
[18:25:30] [main/INFO] (ImmediateWindowHandler) Loading ImmediateWindowProvider fmlearlywindow
[18:25:30] [main/INFO] (EARLYDISPLAY) Trying GL version 4.6
[18:25:30] [main/INFO] (EARLYDISPLAY) Requested GL version 4.6 got version 4.6
[18:25:30] [main/INFO] (mixin) SpongePowered MIXIN Subsystem Version=0.8.7 Source=union:/C:/Users/salig/.gradle/caches/modules-2/files-2.1/net.fabricmc/sponge-mixin/0.15.2+mixin.0.8.7/2af2f021d8e02a0220dc27a7a72b4666d66d44ca/sponge-mixin-0.15.2+mixin.0.8.7.jar%23126!/ Service=ModLauncher Env=CLIENT
[18:25:30] [main/INFO] (ModDiscoverer) Found mod file "neoforge-21.1.200-minecraft-merged-1.21.1-loom.mappings.1_21_1.layered+hash.40359-v2-neoforge-21.1.200.jar" [locator: neoforge devenv provider ([C:\Users\salig\.gradle\caches\fabric-loom\minecraftMaven\net\minecraft\neoforge-21.1.200-minecraft-merged\1.21.1-loom.mappings.1_21_1.layered+hash.40359-v2-neoforge-21.1.200\neoforge-21.1.200-minecraft-merged-1.21.1-loom.mappings.1_21_1.layered+hash.40359-v2-neoforge-21.1.200.jar])]
[18:25:30] [pool-5-thread-1/INFO] (EARLYDISPLAY) GL info: AMD Radeon RX 9070 XT GL version 4.6.0 Core Profile Context 25.12.1.251128, ATI Technologies Inc.
[18:25:30] [main/INFO] (ModDiscoverer) Found mod file "neoforge-21.1.200-minecraft-merged-1.21.1-loom.mappings.1_21_1.layered+hash.40359-v2-neoforge-21.1.200.jar" [locator: neoforge devenv provider ([C:\Users\salig\.gradle\caches\fabric-loom\minecraftMaven\net\minecraft\neoforge-21.1.200-minecraft-merged\1.21.1-loom.mappings.1_21_1.layered+hash.40359-v2-neoforge-21.1.200\neoforge-21.1.200-minecraft-merged-1.21.1-loom.mappings.1_21_1.layered+hash.40359-v2-neoforge-21.1.200.jar])]
[18:25:30] [main/INFO] (ModDiscoverer) Found mod file "main" [locator: userdev mods and services, reader: mod manifest]
[18:25:30] [main/INFO] (ModDiscoverer) Found mod file "neoforge-21.1.200-minecraft-merged-1.21.1-loom.mappings.1_21_1.layered+hash.40359-v2-neoforge-21.1.200.jar" [locator: userdev mods and services, reader: mod manifest]
[18:25:30] [main/INFO] (ModDiscoverer) Found mod file "architectury-neoforge-8fb23f36-13.0.8.jar" [locator: userdev mods and services, reader: mod manifest]
[18:25:30] [main/INFO] (ModDiscoverer) Found mod file "3808737692380436308.jar" [locator: userdev mods and services, reader: mod manifest]
[18:25:30] [main/INFO] (ModDiscoverer) Found gamelibrary file "mixinextras-neoforge-0.5.0.jar" [locator: userdev mods and services, reader: mod manifest]
[18:25:31] [main/WARN] (JarSelector) Attempted to select a dependency jar for JarJar which was passed in as source: library:mixinextras.neoforge. Using Mod File: C:\Users\salig\.gradle\caches\modules-2\files-2.1\io.github.llamalad7\mixinextras-neoforge\0.5.0\d734b83ce6542bb70ea31755c1595b88992dbe65\mixinextras-neoforge-0.5.0.jar
[18:25:31] [main/INFO] (JarInJarDependencyLocator) Found 1 dependencies adding them to mods collection
[18:25:31] [main/INFO] (ModDiscoverer) Found library file "net.neoforged.neoforge-coremods-21.1.200.jar" [parent: neoforge-21.1.200-minecraft-merged-1.21.1-loom.mappings.1_21_1.layered+hash.40359-v2-neoforge-21.1.200.jar, locator: jarinjar, reader: mod manifest]
[18:25:31] [main/INFO] (ModDiscoverer) 
     Mod List:
		Name Version (Mod Id)

		Architectury 13.0.8 (architectury)
		Catch Indicator 1.0 (catchindicator)
		generated_68f77f8 1 (generated_68f77f8)
		Minecraft 1.21.1 (minecraft)
		NeoForge 21.1.200 (neoforge)
[18:25:31] [main/INFO] (LaunchServiceHandler) Launching target 'forgeclientdev' with arguments [--version, 21.1.200, --gameDir, ., --assetsDir, C:\Users\salig\.gradle\caches\fabric-loom\assets, --assetIndex, 1.21.1-17]
[18:25:31] [main/INFO] (unprotect) Found 8254 Minecraft classes
[18:25:32] [main/INFO] (MixinExtras|Service) Initializing MixinExtras via com.llamalad7.mixinextras.service.MixinExtrasServiceImpl(version=0.5.0).
[14janv.2026 18:25:33.918] [Datafixer Bootstrap/INFO] [com.mojang.datafixers.DataFixerBuilder/]: 229 Datafixer optimizations took 330 milliseconds
[14janv.2026 18:25:34.130] [main/WARN] [oshi.driver.windows.perfmon.PerfmonDisabled/]: Invalid registry value type detected for PerfOS counters. Should be REG_DWORD. Ignoring: HKEY_LOCAL_MACHINE\SYSTEM\CurrentControlSet\Services\PerfOS\Performance\Disable Performance Counters.
[14janv.2026 18:25:38.889] [main/WARN] [net.minecraft.commands.Commands/]: Ambiguity between arguments [teleport, location] and [teleport, destination] with inputs: [0.1 -0.5 .9, 0 0 0]
[14janv.2026 18:25:38.890] [main/WARN] [net.minecraft.commands.Commands/]: Ambiguity between arguments [teleport, location] and [teleport, targets] with inputs: [0.1 -0.5 .9, 0 0 0]
[14janv.2026 18:25:38.892] [main/WARN] [net.minecraft.commands.Commands/]: Ambiguity between arguments [teleport, destination] and [teleport, targets] with inputs: [Player, 0123, @e, dd12be42-52a9-4a91-a8a1-11c01849e498]
[14janv.2026 18:25:38.892] [main/WARN] [net.minecraft.commands.Commands/]: Ambiguity between arguments [teleport, targets] and [teleport, destination] with inputs: [Player, 0123, dd12be42-52a9-4a91-a8a1-11c01849e498]
[14janv.2026 18:25:38.894] [main/WARN] [net.minecraft.commands.Commands/]: Ambiguity between arguments [teleport, targets, location] and [teleport, targets, destination] with inputs: [0.1 -0.5 .9, 0 0 0]
[14janv.2026 18:25:39.005] [Render thread/WARN] [net.minecraft.server.packs.VanillaPackResourcesBuilder/]: Assets URL 'union:/C:/Users/salig/.gradle/caches/fabric-loom/minecraftMaven/net/minecraft/neoforge-21.1.200-minecraft-merged/1.21.1-loom.mappings.1_21_1.layered+hash.40359-v2-neoforge-21.1.200/neoforge-21.1.200-minecraft-merged-1.21.1-loom.mappings.1_21_1.layered+hash.40359-v2-neoforge-21.1.200.jar%23200!/assets/.mcassetsroot' uses unexpected schema
[14janv.2026 18:25:39.005] [Render thread/WARN] [net.minecraft.server.packs.VanillaPackResourcesBuilder/]: Assets URL 'union:/C:/Users/salig/.gradle/caches/fabric-loom/minecraftMaven/net/minecraft/neoforge-21.1.200-minecraft-merged/1.21.1-loom.mappings.1_21_1.layered+hash.40359-v2-neoforge-21.1.200/neoforge-21.1.200-minecraft-merged-1.21.1-loom.mappings.1_21_1.layered+hash.40359-v2-neoforge-21.1.200.jar%23200!/data/.mcassetsroot' uses unexpected schema
[14janv.2026 18:25:39.037] [Render thread/INFO] [com.mojang.authlib.yggdrasil.YggdrasilAuthenticationService/]: Environment: Environment[sessionHost=https://sessionserver.mojang.com, servicesHost=https://api.minecraftservices.com, name=PROD]
[14janv.2026 18:25:39.047] [Render thread/INFO] [net.minecraft.client.Minecraft/]: Setting user: Dev
[14janv.2026 18:25:39.120] [Render thread/INFO] [net.minecraft.client.Minecraft/]: Backend library: LWJGL version 3.3.3+5
[14janv.2026 18:25:39.484] [modloading-worker-0/INFO] [net.neoforged.neoforge.common.NeoForgeMod/NEOFORGE-MOD]: NeoForge mod loading, version 21.1.200, for MC 1.21.1
[14janv.2026 18:25:39.513] [modloading-worker-0/INFO] [CatchIndicator/]: [catchindicator] Common init OK
[14janv.2026 18:25:40.185] [Render thread/INFO] [net.neoforged.neoforge.gametest.GameTestHooks/]: Enabled Gametest Namespaces: []
[14janv.2026 18:25:40.287] [Render thread/INFO] [net.minecraft.server.packs.resources.ReloadableResourceManager/]: Reloading ResourceManager: vanilla, mod_resources, mod/generated_68f77f8, mod/catchindicator, mod/architectury, mod/neoforge
[14janv.2026 18:25:40.478] [Worker-Main-13/INFO] [net.minecraft.client.gui.font.providers.UnihexProvider/]: Found unifont_jp_patch-15.1.05.hex, loading
[14janv.2026 18:25:40.478] [Worker-Main-10/INFO] [net.minecraft.client.gui.font.providers.UnihexProvider/]: Found unifont_all_no_pua-15.1.05.hex, loading
[14janv.2026 18:25:41.869] [Render thread/WARN] [net.minecraft.client.sounds.SoundEngine/]: Missing sound for event: minecraft:item.goat_horn.play
[14janv.2026 18:25:41.869] [Render thread/WARN] [net.minecraft.client.sounds.SoundEngine/]: Missing sound for event: minecraft:entity.goat.screaming.horn_break
[14janv.2026 18:25:41.934] [Render thread/INFO] [com.mojang.blaze3d.audio.Library/]: OpenAL initialized on device OpenAL Soft on Headphones (Elgato Wave:XLR)
[14janv.2026 18:25:41.936] [Render thread/INFO] [net.minecraft.client.sounds.SoundEngine/SOUNDS]: Sound engine started
[14janv.2026 18:25:42.015] [Render thread/INFO] [net.minecraft.client.renderer.texture.TextureAtlas/]: Created: 1024x512x4 minecraft:textures/atlas/blocks.png-atlas
[14janv.2026 18:25:42.024] [Render thread/INFO] [net.minecraft.client.renderer.texture.TextureAtlas/]: Created: 256x256x4 minecraft:textures/atlas/signs.png-atlas
[14janv.2026 18:25:42.024] [Render thread/INFO] [net.minecraft.client.renderer.texture.TextureAtlas/]: Created: 512x512x4 minecraft:textures/atlas/shield_patterns.png-atlas
[14janv.2026 18:25:42.024] [Render thread/INFO] [net.minecraft.client.renderer.texture.TextureAtlas/]: Created: 512x512x4 minecraft:textures/atlas/banner_patterns.png-atlas
[14janv.2026 18:25:42.025] [Render thread/INFO] [net.minecraft.client.renderer.texture.TextureAtlas/]: Created: 1024x1024x4 minecraft:textures/atlas/armor_trims.png-atlas
[14janv.2026 18:25:42.028] [Render thread/INFO] [net.minecraft.client.renderer.texture.TextureAtlas/]: Created: 256x256x4 minecraft:textures/atlas/chest.png-atlas
[14janv.2026 18:25:42.028] [Render thread/INFO] [net.minecraft.client.renderer.texture.TextureAtlas/]: Created: 128x64x4 minecraft:textures/atlas/decorated_pot.png-atlas
[14janv.2026 18:25:42.028] [Render thread/INFO] [net.minecraft.client.renderer.texture.TextureAtlas/]: Created: 512x256x4 minecraft:textures/atlas/beds.png-atlas
[14janv.2026 18:25:42.028] [Render thread/INFO] [net.minecraft.client.renderer.texture.TextureAtlas/]: Created: 512x256x4 minecraft:textures/atlas/shulker_boxes.png-atlas
[14janv.2026 18:25:42.201] [Render thread/INFO] [net.minecraft.client.renderer.texture.TextureAtlas/]: Created: 512x256x0 minecraft:textures/atlas/particles.png-atlas
[14janv.2026 18:25:42.204] [Render thread/INFO] [net.minecraft.client.renderer.texture.TextureAtlas/]: Created: 512x256x0 minecraft:textures/atlas/paintings.png-atlas
[14janv.2026 18:25:42.205] [Render thread/INFO] [net.minecraft.client.renderer.texture.TextureAtlas/]: Created: 256x128x0 minecraft:textures/atlas/mob_effects.png-atlas
[14janv.2026 18:25:42.205] [Render thread/INFO] [net.minecraft.client.renderer.texture.TextureAtlas/]: Created: 64x64x0 minecraft:textures/atlas/map_decorations.png-atlas
[14janv.2026 18:25:42.205] [Render thread/INFO] [net.minecraft.client.renderer.texture.TextureAtlas/]: Created: 1024x512x0 minecraft:textures/atlas/gui.png-atlas
[14janv.2026 18:25:42.248] [Render thread/WARN] [net.minecraft.client.renderer.ShaderInstance/]: Shader rendertype_entity_translucent_emissive could not find sampler named Sampler2 in the specified shader program.
[14janv.2026 18:25:42.335] [Render thread/INFO] [net.neoforged.neoforge.client.entity.animation.json.AnimationLoader/]: Loaded 0 entity animations
